Process
=======
compile

Command Line
============
/Users/pixelmission/Documents/graalvm-ce-java17-22.3.1/Contents/Home/bin/native-image -Djdk.internal.lambda.eagerlyInitialize=false --no-server -H:+SharedLibrary -H:+AddAllCharsets -H:+ReportExceptionStackTraces -H:-DeadlockWatchdogExitOnTimeout -H:DeadlockWatchdogInterval=0 -H:+RemoveSaturatedTypeFlows -H:+ExitAfterRelocatableImageWrite --features=org.graalvm.home.HomeFinderFeature -H:TempDirectory=/Users/pixelmission/Downloads/gluon-samples-master/HelloFX/target/gluonfx/x86_64-darwin/gvm/tmp -H:EnableURLProtocols=http,https -H:ReflectionConfigurationFiles=/Users/pixelmission/Downloads/gluon-samples-master/HelloFX/target/gluonfx/x86_64-darwin/gvm/reflectionconfig-x86_64-darwin.json -H:JNIConfigurationFiles=/Users/pixelmission/Downloads/gluon-samples-master/HelloFX/target/gluonfx/x86_64-darwin/gvm/jniconfig-x86_64-darwin.json -H:ResourceConfigurationFiles=/Users/pixelmission/Downloads/gluon-samples-master/HelloFX/target/gluonfx/x86_64-darwin/gvm/resourceconfig-x86_64-darwin.json -H:IncludeResourceBundles=com/sun/javafx/scene/control/skin/resources/controls,com/sun/javafx/scene/control/skin/resources/controls-nt,com.sun.javafx.tk.quantum.QuantumMessagesBundle -Dsvm.platform=org.graalvm.nativeimage.Platform$MACOS_AMD64 -cp /Users/pixelmission/.m2/repository/com/gluonhq/substrate/0.0.58/substrate-0.0.58.jar:/Users/pixelmission/Downloads/gluon-samples-master/HelloFX/target/gluonfx/x86_64-darwin/gvm/tmp/classpathJar.jar hellofx.HelloFX

Output
======
Warning: Ignoring server-mode native-image argument --no-server.
========================================================================================================================
GraalVM Native Image: Generating 'hellofx.hellofx' (shared library)...
========================================================================================================================
[1/7] Initializing...                                                                                   (12,2s @ 0,25GB)
 Version info: 'GraalVM 22.3.1 Java 17 CE'
 Java version info: '17.0.6+10-jvmci-22.3-b13'
 C compiler: cc (apple, x86_64, 14.0.3)
 Garbage collector: Serial GC
 1 user-specific feature(s)
 - org.graalvm.home.HomeFinderFeature: Finds GraalVM paths and its version number
[2/7] Performing analysis...  [**********]                                                              (66,6s @ 2,52GB)
  11.449 (89,61%) of 12.776 classes reachable
  19.885 (66,36%) of 29.964 fields reachable
  54.597 (60,94%) of 89.597 methods reachable
     653 classes,   112 fields, and 2.481 methods registered for reflection
     116 classes,   107 fields, and   193 methods registered for JNI access
       5 native libraries: -framework CoreServices, -framework Foundation, dl, pthread, z
[3/7] Building universe...                                                                               (8,6s @ 1,09GB)
[4/7] Parsing methods...      [***]                                                                      (6,3s @ 2,67GB)
[5/7] Inlining methods...     [****]                                                                     (5,4s @ 2,34GB)
[6/7] Compiling methods...    [******]                                                                  (40,3s @ 2,41GB)

------------------------------------------------------------------------------------------------------------------------
                        8,7s (5,6% of total time) in 43 GCs | Peak RSS: 3,19GB | CPU load: 4,98
------------------------------------------------------------------------------------------------------------------------
Produced artifacts:
 /Users/pixelmission/Downloads/gluon-samples-master/HelloFX/target/gluonfx/x86_64-darwin/gvm/HelloFX/graal_isolate.h (header)
 /Users/pixelmission/Downloads/gluon-samples-master/HelloFX/target/gluonfx/x86_64-darwin/gvm/HelloFX/graal_isolate_dynamic.h (header)
 /Users/pixelmission/Downloads/gluon-samples-master/HelloFX/target/gluonfx/x86_64-darwin/gvm/HelloFX/hellofx.hellofx.build_artifacts.txt (txt)
 /Users/pixelmission/Downloads/gluon-samples-master/HelloFX/target/gluonfx/x86_64-darwin/gvm/HelloFX/hellofx.hellofx.h (header)
 /Users/pixelmission/Downloads/gluon-samples-master/HelloFX/target/gluonfx/x86_64-darwin/gvm/HelloFX/hellofx.hellofx_dynamic.h (header)
========================================================================================================================
Finished generating 'hellofx.hellofx' in 2m 33s.


Result
======
result: 0